[0mGET / [36m304[0m 11.845 ms - -[0m
[0mGET / [36m304[0m 8.600 ms - -[0m
[0mPOST /upload [32m200[0m 47.369 ms - 712[0m
[0mPOST /upload [32m200[0m 63.813 ms - 712[0m
[0mPOST /upload [32m200[0m 74.808 ms - 712[0m
[0mGET / [36m304[0m 32.567 ms - -[0m
[0mGET / [36m304[0m 8.688 ms - -[0m
[0mGET / [36m304[0m 40.261 ms - -[0m
[0mGET / [32m200[0m 38.617 ms - 774[0m
[0mPOST /upload [36m302[0m 63.414 ms - 88[0m
[0mGET / [36m304[0m 4.038 ms - -[0m
[0mGET / [36m304[0m 34.807 ms - -[0m
[0mPOST /upload [36m302[0m 80.778 ms - 88[0m
[0mGET / [36m304[0m 5.193 ms - -[0m
[0mGET / [32m200[0m 41.755 ms - 765[0m
[0mPOST /upload [36m302[0m 79.590 ms - 88[0m
[0mGET / [36m304[0m 5.658 ms - -[0m
[0mGET / [36m304[0m 36.538 ms - -[0m
[0mPOST /upload [36m302[0m 62.231 ms - 88[0m
[0mGET / [36m304[0m 5.201 ms - -[0m
[0mGET / [36m304[0m 28.709 ms - -[0m
[0mPOST /upload [36m302[0m 85.445 ms - 88[0m
[0mGET / [36m304[0m 6.786 ms - -[0m
[0mPOST /upload [36m302[0m 35.288 ms - 88[0m
[0mGET / [36m304[0m 9.993 ms - -[0m
[0mGET / [36m304[0m 29.930 ms - -[0m
[0mGET / [36m304[0m 36.742 ms - -[0m
[0mGET / [36m304[0m 38.583 ms - -[0m
[0mPOST /upload [36m302[0m 104.855 ms - 88[0m
[0mGET / [36m304[0m 16.852 ms - -[0m
[0mPOST /upload [36m302[0m 117.432 ms - 88[0m
[0mGET / [32m200[0m 40.229 ms - 764[0m
[0mPOST /upload [36m302[0m 117.840 ms - 88[0m
[0mGET / [36m304[0m 37.213 ms - -[0m
[0mPOST /upload [36m302[0m 112.012 ms - 88[0m
[0mGET / [36m304[0m 4.424 ms - -[0m
[0mPOST /upload [36m302[0m 59.147 ms - 88[0m
[0mGET / [36m304[0m 43.063 ms - -[0m
[0mGET / [32m200[0m 30.586 ms - 743[0m
[0mPOST /upload [0m-[0m - ms - -[0m
[0mGET / [32m200[0m 31.522 ms - 764[0m
[0mGET / [36m304[0m 38.009 ms - -[0m
[0mGET / [36m304[0m 18.653 ms - -[0m
[0mGET / [36m304[0m 33.538 ms - -[0m
[0mGET / [36m304[0m 10.874 ms - -[0m
[0mGET / [36m304[0m 3.402 ms - -[0m
[0mPOST /upload [36m302[0m 111.519 ms - 88[0m
[0mGET / [36m304[0m 3.836 ms - -[0m
[0mPOST /upload [36m302[0m 51.247 ms - 88[0m
[0mGET / [36m304[0m 1.765 ms - -[0m
[0mGET / [32m200[0m 5.736 ms - 764[0m
[0mPOST /upload [36m302[0m 35.091 ms - 88[0m
[0mGET / [36m304[0m 3.904 ms - -[0m
[0mGET / [32m200[0m 5.965 ms - 812[0m
[0mGET / [36m304[0m 20.068 ms - -[0m
[0mGET / [36m304[0m 23.316 ms - -[0m
[0mGET / [36m304[0m 39.832 ms - -[0m
[0mGET / [36m304[0m 35.653 ms - -[0m
[0mGET / [36m304[0m 60.421 ms - -[0m
[0mGET / [32m200[0m 47.698 ms - 1023[0m
[0mPOST /upload [36m302[0m 76.116 ms - 88[0m
[0mGET / [32m200[0m 44.942 ms - 1071[0m
[0mPOST /upload [36m302[0m 97.085 ms - 88[0m
[0mGET / [32m200[0m 22.613 ms - 1110[0m
[0mGET / [32m200[0m 35.014 ms - 1071[0m
[0mPOST /upload [36m302[0m 93.774 ms - 88[0m
[0mGET / [32m200[0m 11.254 ms - 1134[0m
[0mPOST /upload [36m302[0m 24.844 ms - 88[0m
[0mGET / [32m200[0m 4.904 ms - 1197[0m
[0mGET / [36m304[0m 45.037 ms - -[0m
[0mGET / [36m304[0m 51.559 ms - -[0m
[0mPOST /upload [36m302[0m 97.742 ms - 88[0m
[0mGET / [32m200[0m 9.802 ms - 1258[0m
[0mPOST /upload [36m302[0m 14.429 ms - 88[0m
[0mGET / [32m200[0m 6.077 ms - 1321[0m
[0mGET / [36m304[0m 60.582 ms - -[0m
[0mPOST /upload [36m302[0m 29.811 ms - 88[0m
[0mGET / [32m200[0m 8.286 ms - 1382[0m
[0mPOST /upload [36m302[0m 31.525 ms - 88[0m
[0mGET / [32m200[0m 23.056 ms - 1426[0m
[0mGET / [32m200[0m 44.440 ms - 1463[0m
[0mGET / [32m200[0m 77.235 ms - 1974[0m
[0mGET /uploads/Person.csv-1648790364071 [32m200[0m 1.316 ms - 129[0m
[0mGET / [36m304[0m 37.488 ms - -[0m
[0mGET / [36m304[0m 62.831 ms - -[0m
[0mGET / [36m304[0m 77.299 ms - -[0m
[0mPOST /upload [36m302[0m 76.923 ms - 88[0m
[0mGET / [32m200[0m 83.432 ms - 2028[0m
[0mPOST /upload [36m302[0m 79.935 ms - 88[0m
[0mGET / [36m304[0m 18.393 ms - -[0m
[0mGET / [32m200[0m 23.504 ms - 1974[0m
[0mPOST /upload [36m302[0m 39.733 ms - 88[0m
[0mGET / [32m200[0m 28.579 ms - 2028[0m
[0mGET / [32m200[0m 28.335 ms - 1974[0m
[0mPOST /upload [36m302[0m 90.873 ms - 88[0m
[0mGET / [32m200[0m 5.066 ms - 2064[0m
[0mGET / [36m304[0m 61.968 ms - -[0m
[0mPOST /upload [36m302[0m 73.048 ms - 88[0m
[0mGET / [32m200[0m 10.116 ms - 2118[0m
[0mGET / [32m200[0m 59.788 ms - 2064[0m
[0mPOST /upload [36m302[0m 104.201 ms - 88[0m
[0mGET / [32m200[0m 13.388 ms - 2118[0m
[0mPOST /upload [36m302[0m 87.060 ms - 88[0m
[0mGET / [32m200[0m 25.132 ms - 2212[0m
[0mPOST /upload [36m302[0m 105.901 ms - 88[0m
[0mGET / [32m200[0m 25.877 ms - 2346[0m
[0mGET / [36m304[0m 87.724 ms - -[0m
[0mPOST /upload [36m302[0m 67.590 ms - 88[0m
[0mGET / [32m200[0m 20.451 ms - 2441[0m
[0mPOST /upload [36m302[0m 11.880 ms - 88[0m
[0mGET / [32m200[0m 6.085 ms - 2536[0m
[0mPOST /upload [36m302[0m 106.707 ms - 88[0m
[0mGET / [32m200[0m 47.562 ms - 2631[0m
[0mPOST /upload [36m302[0m 42.801 ms - 88[0m
[0mGET / [32m200[0m 15.283 ms - 2726[0m
[0mGET / [32m200[0m 27.308 ms - 2756[0m
[0mGET / [32m200[0m 20.351 ms - 2756[0m
[0mGET / [36m304[0m 56.189 ms - -[0m
[0mGET /showFile/6246e0f3cd45255667175177 [36m302[0m 48.475 ms - 88[0m
[0mGET / [36m304[0m 13.287 ms - -[0m
[0mGET /showFile/6246e72e48abf1e29ef6deaf [36m302[0m 13.170 ms - 88[0m
[0mGET / [36m304[0m 21.431 ms - -[0m
[0mGET / [36m304[0m 73.013 ms - -[0m
[0mGET /showFile/6246e72e48abf1e29ef6deaf [36m302[0m 24.109 ms - 88[0m
[0mGET / [36m304[0m 7.700 ms - -[0m
[0mPOST /upload [36m302[0m 101.480 ms - 88[0m
[0mGET / [32m200[0m 104.990 ms - 2850[0m
[0mPOST /upload [36m302[0m 104.615 ms - 88[0m
[0mGET / [32m200[0m 15.672 ms - 2946[0m
[0mGET /showFile/6246ebea31a9f0c788cb9cc2 [36m302[0m 14.728 ms - 88[0m
[0mGET / [36m304[0m 8.071 ms - -[0m
[0mGET / [36m304[0m 42.770 ms - -[0m
[0mGET /showFile/6246ebea31a9f0c788cb9cc2 [36m302[0m 24.431 ms - 88[0m
[0mGET / [36m304[0m 6.645 ms - -[0m
[0mGET / [36m304[0m 79.015 ms - -[0m
[0mGET /showFile/6246ebea31a9f0c788cb9cc2 [32m200[0m 36.253 ms - 1968[0m
[0mGET /showFile/6246ebea31a9f0c788cb9cc2 [32m200[0m 38.201 ms - 1979[0m
[0mPOST /upload [36m302[0m 122.004 ms - 88[0m
[0mPOST /upload [36m302[0m 52.465 ms - 88[0m
[0mGET / [32m200[0m 22.133 ms - 3034[0m
[0mGET / [32m200[0m 24.398 ms - 2946[0m
[0mPOST /upload [36m302[0m 31.552 ms - 88[0m
[0mGET / [32m200[0m 11.216 ms - 3056[0m
[0mGET /showFile/6246f05cb34582dd2409292a [32m200[0m 28.156 ms - 1832[0m
[0mPOST /upload [36m302[0m 41.337 ms - 88[0m
[0mGET / [32m200[0m 19.748 ms - 3168[0m
[0mGET /showFile/6246f0aeb34582dd24092930 [32m200[0m 9.746 ms - 1979[0m
[0mGET /showFile/6246f05cb34582dd2409292a [36m304[0m 20.344 ms - -[0m
[0mGET / [36m304[0m 61.438 ms - -[0m
[0mGET /showFile/6246f0aeb34582dd24092930 [36m304[0m 12.696 ms - -[0m
[0mGET /showFile/6246f0aeb34582dd24092930 [31m500[0m 27.743 ms - 1995[0m
[0mGET / [36m304[0m 26.990 ms - -[0m
[0mGET /showFile/6246f0aeb34582dd24092930 [32m200[0m 20.496 ms - 2211[0m
[0mGET /showFile/6246f0aeb34582dd24092930 [32m200[0m 18.052 ms - 1910[0m
[0mGET / [36m304[0m 65.113 ms - -[0m
[0mGET /showFile/6246f0aeb34582dd24092930 [36m304[0m 16.192 ms - -[0m
[0mGET /showFile/6246f05cb34582dd2409292a [32m200[0m 19.757 ms - 1763[0m
[0mGET / [36m304[0m 28.648 ms - -[0m
[0mGET / [36m304[0m 32.766 ms - -[0m
[0mPOST /upload [36m302[0m 88.361 ms - 88[0m
[0mGET / [32m200[0m 17.274 ms - 3265[0m
[0mGET / [32m200[0m 22.330 ms - 1463[0m
[0mGET /showFile/6246e72e48abf1e29ef6deaf [32m200[0m 12.089 ms - 889[0m
[0mGET /showFile/6246f0aeb34582dd24092930 [36m304[0m 18.878 ms - -[0m
[0mGET /showFile/6246e72e48abf1e29ef6deaf [36m304[0m 17.606 ms - -[0m
[0mGET /showFile/6246f8e22bf052fc90a43703 [32m200[0m 18.681 ms - 1910[0m
[0mGET /showFile/6246f0aeb34582dd24092930 [36m304[0m 13.809 ms - -[0m
[0mGET /showFile/6246f05cb34582dd2409292a [36m304[0m 11.650 ms - -[0m
[0mGET /showFile/6246ebea31a9f0c788cb9cc2 [32m200[0m 16.560 ms - 1910[0m
[0mGET /showFile/6246e72e48abf1e29ef6deaf [36m304[0m 15.552 ms - -[0m
[0mGET / [32m200[0m 14.584 ms - 1367[0m
